<?xml version="1.0" encoding="UTF-8" ?>
<testsuite failures="0" time="1.623" errors="0" skipped="0" tests="2" name="com.examples.rest.HelloWorldIT">
  <properties>
    <property name="java.runtime.name" value="Java(TM) SE Runtime Environment"/>
    <property name="sun.boot.library.path" value="C:\Program Files\Java\jdk1.7.0_45\jre\bin"/>
    <property name="java.vm.version" value="24.45-b08"/>
    <property name="java.vm.vendor" value="Oracle Corporation"/>
    <property name="java.vendor.url" value="http://java.oracle.com/"/>
    <property name="path.separator" value=";"/>
    <property name="java.vm.name" value="Java HotSpot(TM) 64-Bit Server VM"/>
    <property name="file.encoding.pkg" value="sun.io"/>
    <property name="user.script" value=""/>
    <property name="user.country" value="GB"/>
    <property name="sun.java.launcher" value="SUN_STANDARD"/>
    <property name="sun.os.patch.level" value="Service Pack 1"/>
    <property name="java.vm.specification.name" value="Java Virtual Machine Specification"/>
    <property name="user.dir" value="C:\Users\balaji.sengeni\workspace\orchestration"/>
    <property name="java.runtime.version" value="1.7.0_45-b18"/>
    <property name="java.awt.graphicsenv" value="sun.awt.Win32GraphicsEnvironment"/>
    <property name="basedir" value="C:\Users\balaji.sengeni\workspace\orchestration"/>
    <property name="java.endorsed.dirs" value="C:\Program Files\Java\jdk1.7.0_45\jre\lib\endorsed"/>
    <property name="os.arch" value="amd64"/>
    <property name="surefire.real.class.path" value="C:\Users\balaji.sengeni\workspace\orchestration\target\surefire\surefirebooter8053451517608422169.jar"/>
    <property name="java.io.tmpdir" value="C:\Users\BALAJI~1.SEN\AppData\Local\Temp\"/>
    <property name="line.separator" value="
"/>
    <property name="java.vm.specification.vendor" value="Oracle Corporation"/>
    <property name="user.variant" value=""/>
    <property name="os.name" value="Windows 7"/>
    <property name="sun.jnu.encoding" value="Cp1252"/>
    <property name="java.library.path" value="C:\Program Files\Java\jdk1.7.0_45\jre\bin;C:\windows\Sun\Java\bin;C:\windows\system32;C:\windows;C:\windows\system32;C:\windows;C:\windows\System32\Wbem;C:\windows\System32\WindowsPowerShell\v1.0\;C:\windows\System32\WindowsPowerShell\v1.0\;C:\Program Files\WIDCOMM\Bluetooth Software\;C:\Program Files\WIDCOMM\Bluetooth Software\syswow64;C:\balaji\apache-ant-1.9.3-bin\apache-ant-1.9.3/bin;C:\balaji\curl-7.34.0-win64\curl-7.34.0-win64\bin;C:\Program Files\TortoiseSVN\bin;C:\Program Files\Java\jdk1.7.0_45\bin;C:\Program Files (x86)\Git\cmd;C:\balaji\apache-maven-3.1.1\bin;;."/>
    <property name="surefire.test.class.path" value="C:\Users\balaji.sengeni\workspace\orchestration\target\test-classes;C:\Users\balaji.sengeni\workspace\orchestration\target\classes;C:\Users\balaji.sengeni\.m2\repository\org\apache\cxf\cxf-rt-frontend-jaxrs\2.7.10\cxf-rt-frontend-jaxrs-2.7.10.jar;C:\Users\balaji.sengeni\.m2\repository\org\apache\cxf\cxf-api\2.7.10\cxf-api-2.7.10.jar;C:\Users\balaji.sengeni\.m2\repository\org\codehaus\woodstox\woodstox-core-asl\4.2.0\woodstox-core-asl-4.2.0.jar;C:\Users\balaji.sengeni\.m2\repository\org\codehaus\woodstox\stax2-api\3.1.1\stax2-api-3.1.1.jar;C:\Users\balaji.sengeni\.m2\repository\org\apache\ws\xmlschema\xmlschema-core\2.1.0\xmlschema-core-2.1.0.jar;C:\Users\balaji.sengeni\.m2\repository\org\apache\geronimo\specs\geronimo-javamail_1.4_spec\1.7.1\geronimo-javamail_1.4_spec-1.7.1.jar;C:\Users\balaji.sengeni\.m2\repository\wsdl4j\wsdl4j\1.6.3\wsdl4j-1.6.3.jar;C:\Users\balaji.sengeni\.m2\repository\org\apache\cxf\cxf-rt-core\2.7.10\cxf-rt-core-2.7.10.jar;C:\Users\balaji.sengeni\.m2\repository\com\sun\xml\bind\jaxb-impl\2.2.6\jaxb-impl-2.2.6.jar;C:\Users\balaji.sengeni\.m2\repository\javax\ws\rs\javax.ws.rs-api\2.0-m10\javax.ws.rs-api-2.0-m10.jar;C:\Users\balaji.sengeni\.m2\repository\org\apache\cxf\cxf-rt-bindings-xml\2.7.10\cxf-rt-bindings-xml-2.7.10.jar;C:\Users\balaji.sengeni\.m2\repository\org\apache\cxf\cxf-rt-transports-http\2.7.10\cxf-rt-transports-http-2.7.10.jar;C:\Users\balaji.sengeni\.m2\repository\org\codehaus\jackson\jackson-core-asl\1.8.6\jackson-core-asl-1.8.6.jar;C:\Users\balaji.sengeni\.m2\repository\org\codehaus\jackson\jackson-mapper-asl\1.8.6\jackson-mapper-asl-1.8.6.jar;C:\Users\balaji.sengeni\.m2\repository\org\codehaus\jackson\jackson-jaxrs\1.8.6\jackson-jaxrs-1.8.6.jar;C:\Users\balaji.sengeni\.m2\repository\org\springframework\spring-web\3.0.7.RELEASE\spring-web-3.0.7.RELEASE.jar;C:\Users\balaji.sengeni\.m2\repository\aopalliance\aopalliance\1.0\aopalliance-1.0.jar;C:\Users\balaji.sengeni\.m2\repository\org\springframework\spring-beans\3.0.7.RELEASE\spring-beans-3.0.7.RELEASE.jar;C:\Users\balaji.sengeni\.m2\repository\org\springframework\spring-context\3.0.7.RELEASE\spring-context-3.0.7.RELEASE.jar;C:\Users\balaji.sengeni\.m2\repository\org\springframework\spring-aop\3.0.7.RELEASE\spring-aop-3.0.7.RELEASE.jar;C:\Users\balaji.sengeni\.m2\repository\org\springframework\spring-expression\3.0.7.RELEASE\spring-expression-3.0.7.RELEASE.jar;C:\Users\balaji.sengeni\.m2\repository\org\springframework\spring-asm\3.0.7.RELEASE\spring-asm-3.0.7.RELEASE.jar;C:\Users\balaji.sengeni\.m2\repository\org\springframework\spring-core\3.0.7.RELEASE\spring-core-3.0.7.RELEASE.jar;C:\Users\balaji.sengeni\.m2\repository\commons-logging\commons-logging\1.1.1\commons-logging-1.1.1.jar;C:\Users\balaji.sengeni\.m2\repository\junit\junit\4.11\junit-4.11.jar;C:\Users\balaji.sengeni\.m2\repository\org\hamcrest\hamcrest-core\1.3\hamcrest-core-1.3.jar;C:\Users\balaji.sengeni\.m2\repository\com\google\code\gson\gson\2.2.4\gson-2.2.4.jar;"/>
    <property name="java.specification.name" value="Java Platform API Specification"/>
    <property name="java.class.version" value="51.0"/>
    <property name="sun.management.compiler" value="HotSpot 64-Bit Tiered Compilers"/>
    <property name="os.version" value="6.1"/>
    <property name="user.home" value="C:\Users\balaji.sengeni"/>
    <property name="user.timezone" value="Europe/London"/>
    <property name="java.awt.printerjob" value="sun.awt.windows.WPrinterJob"/>
    <property name="java.specification.version" value="1.7"/>
    <property name="file.encoding" value="Cp1252"/>
    <property name="user.name" value="balaji.sengeni"/>
    <property name="java.class.path" value="C:\Users\balaji.sengeni\workspace\orchestration\target\test-classes;C:\Users\balaji.sengeni\workspace\orchestration\target\classes;C:\Users\balaji.sengeni\.m2\repository\org\apache\cxf\cxf-rt-frontend-jaxrs\2.7.10\cxf-rt-frontend-jaxrs-2.7.10.jar;C:\Users\balaji.sengeni\.m2\repository\org\apache\cxf\cxf-api\2.7.10\cxf-api-2.7.10.jar;C:\Users\balaji.sengeni\.m2\repository\org\codehaus\woodstox\woodstox-core-asl\4.2.0\woodstox-core-asl-4.2.0.jar;C:\Users\balaji.sengeni\.m2\repository\org\codehaus\woodstox\stax2-api\3.1.1\stax2-api-3.1.1.jar;C:\Users\balaji.sengeni\.m2\repository\org\apache\ws\xmlschema\xmlschema-core\2.1.0\xmlschema-core-2.1.0.jar;C:\Users\balaji.sengeni\.m2\repository\org\apache\geronimo\specs\geronimo-javamail_1.4_spec\1.7.1\geronimo-javamail_1.4_spec-1.7.1.jar;C:\Users\balaji.sengeni\.m2\repository\wsdl4j\wsdl4j\1.6.3\wsdl4j-1.6.3.jar;C:\Users\balaji.sengeni\.m2\repository\org\apache\cxf\cxf-rt-core\2.7.10\cxf-rt-core-2.7.10.jar;C:\Users\balaji.sengeni\.m2\repository\com\sun\xml\bind\jaxb-impl\2.2.6\jaxb-impl-2.2.6.jar;C:\Users\balaji.sengeni\.m2\repository\javax\ws\rs\javax.ws.rs-api\2.0-m10\javax.ws.rs-api-2.0-m10.jar;C:\Users\balaji.sengeni\.m2\repository\org\apache\cxf\cxf-rt-bindings-xml\2.7.10\cxf-rt-bindings-xml-2.7.10.jar;C:\Users\balaji.sengeni\.m2\repository\org\apache\cxf\cxf-rt-transports-http\2.7.10\cxf-rt-transports-http-2.7.10.jar;C:\Users\balaji.sengeni\.m2\repository\org\codehaus\jackson\jackson-core-asl\1.8.6\jackson-core-asl-1.8.6.jar;C:\Users\balaji.sengeni\.m2\repository\org\codehaus\jackson\jackson-mapper-asl\1.8.6\jackson-mapper-asl-1.8.6.jar;C:\Users\balaji.sengeni\.m2\repository\org\codehaus\jackson\jackson-jaxrs\1.8.6\jackson-jaxrs-1.8.6.jar;C:\Users\balaji.sengeni\.m2\repository\org\springframework\spring-web\3.0.7.RELEASE\spring-web-3.0.7.RELEASE.jar;C:\Users\balaji.sengeni\.m2\repository\aopalliance\aopalliance\1.0\aopalliance-1.0.jar;C:\Users\balaji.sengeni\.m2\repository\org\springframework\spring-beans\3.0.7.RELEASE\spring-beans-3.0.7.RELEASE.jar;C:\Users\balaji.sengeni\.m2\repository\org\springframework\spring-context\3.0.7.RELEASE\spring-context-3.0.7.RELEASE.jar;C:\Users\balaji.sengeni\.m2\repository\org\springframework\spring-aop\3.0.7.RELEASE\spring-aop-3.0.7.RELEASE.jar;C:\Users\balaji.sengeni\.m2\repository\org\springframework\spring-expression\3.0.7.RELEASE\spring-expression-3.0.7.RELEASE.jar;C:\Users\balaji.sengeni\.m2\repository\org\springframework\spring-asm\3.0.7.RELEASE\spring-asm-3.0.7.RELEASE.jar;C:\Users\balaji.sengeni\.m2\repository\org\springframework\spring-core\3.0.7.RELEASE\spring-core-3.0.7.RELEASE.jar;C:\Users\balaji.sengeni\.m2\repository\commons-logging\commons-logging\1.1.1\commons-logging-1.1.1.jar;C:\Users\balaji.sengeni\.m2\repository\junit\junit\4.11\junit-4.11.jar;C:\Users\balaji.sengeni\.m2\repository\org\hamcrest\hamcrest-core\1.3\hamcrest-core-1.3.jar;C:\Users\balaji.sengeni\.m2\repository\com\google\code\gson\gson\2.2.4\gson-2.2.4.jar;"/>
    <property name="java.vm.specification.version" value="1.7"/>
    <property name="sun.arch.data.model" value="64"/>
    <property name="java.home" value="C:\Program Files\Java\jdk1.7.0_45\jre"/>
    <property name="sun.java.command" value="C:\Users\balaji.sengeni\workspace\orchestration\target\surefire\surefirebooter8053451517608422169.jar C:\Users\balaji.sengeni\workspace\orchestration\target\surefire\surefire2364947205235700143tmp C:\Users\balaji.sengeni\workspace\orchestration\target\surefire\surefire4069226989009574759tmp"/>
    <property name="service.url" value="http://localhost:8080/jaxrs-service"/>
    <property name="java.specification.vendor" value="Oracle Corporation"/>
    <property name="user.language" value="en"/>
    <property name="awt.toolkit" value="sun.awt.windows.WToolkit"/>
    <property name="java.vm.info" value="mixed mode"/>
    <property name="java.version" value="1.7.0_45"/>
    <property name="java.ext.dirs" value="C:\Program Files\Java\jdk1.7.0_45\jre\lib\ext;C:\windows\Sun\Java\lib\ext"/>
    <property name="sun.boot.class.path" value="C:\Program Files\Java\jdk1.7.0_45\jre\lib\resources.jar;C:\Program Files\Java\jdk1.7.0_45\jre\lib\rt.jar;C:\Program Files\Java\jdk1.7.0_45\jre\lib\sunrsasign.jar;C:\Program Files\Java\jdk1.7.0_45\jre\lib\jsse.jar;C:\Program Files\Java\jdk1.7.0_45\jre\lib\jce.jar;C:\Program Files\Java\jdk1.7.0_45\jre\lib\charsets.jar;C:\Program Files\Java\jdk1.7.0_45\jre\lib\jfr.jar;C:\Program Files\Java\jdk1.7.0_45\jre\classes"/>
    <property name="java.vendor" value="Oracle Corporation"/>
    <property name="localRepository" value="C:\Users\balaji.sengeni\.m2\repository"/>
    <property name="file.separator" value="\"/>
    <property name="java.vendor.url.bug" value="http://bugreport.sun.com/bugreport/"/>
    <property name="sun.cpu.endian" value="little"/>
    <property name="sun.io.unicode.encoding" value="UnicodeLittle"/>
    <property name="sun.desktop" value="windows"/>
    <property name="sun.cpu.isalist" value="amd64"/>
  </properties>
  <testcase time="1.523" classname="com.examples.rest.HelloWorldIT" name="testJsonRoundtrip"/>
  <testcase time="0.03" classname="com.examples.rest.HelloWorldIT" name="testPing"/>
</testsuite>